android-tv/app/build/intermediates/manifest_merge_blame_file/debug/processDebugMainManifest/manifest-merger-blame-debug-report.txt
1<?xml version="1.0" encoding="utf-8"?>
2<manifest xmlns:android="http://schemas.android.com/apk/res/android"
3    package="com.streamflix.tv"
4    android:versionCode="1"
5    android:versionName="1.0.0" >
6
7    <uses-sdk
8        android:minSdkVersion="23"
9        android:targetSdkVersion="36" />
10
11    <!-- TV-specific features -->
12    <uses-feature
12-->src\main\AndroidManifest.xml:5:5-7:35
13        android:name="android.software.leanback"
13-->src\main\AndroidManifest.xml:6:9-49
14        android:required="true" />
14-->src\main\AndroidManifest.xml:7:9-32
15    <uses-feature
15-->src\main\AndroidManifest.xml:8:5-10:36
16        android:name="android.hardware.touchscreen"
16-->src\main\AndroidManifest.xml:9:9-52
17        android:required="false" />
17-->src\main\AndroidManifest.xml:10:9-33
18
19    <!-- Permissions -->
20    <uses-permission android:name="android.permission.INTERNET" />
20-->src\main\AndroidManifest.xml:13:5-67
20-->src\main\AndroidManifest.xml:13:22-64
21    <uses-permission android:name="android.permission.ACCESS_NETWORK_STATE" />
21-->src\main\AndroidManifest.xml:14:5-79
21-->src\main\AndroidManifest.xml:14:22-76
22    <uses-permission android:name="android.permission.RECORD_AUDIO" />
22-->src\main\AndroidManifest.xml:15:5-71
22-->src\main\AndroidManifest.xml:15:22-68
23    <uses-permission android:name="android.permission.WAKE_LOCK" />
23-->[androidx.media3:media3-exoplayer:1.9.0] AndroidManifest.xml:23:5-68
23-->[androidx.media3:media3-exoplayer:1.9.0] AndroidManifest.xml:23:22-65
24
25    <permission
25-->[androidx.core:core:1.17.0] AndroidManifest.xml:22:5-24:47
26        android:name="com.streamflix.tv.DYNAMIC_RECEIVER_NOT_EXPORTED_PERMISSION"
26-->[androidx.core:core:1.17.0] AndroidManifest.xml:23:9-81
27        android:protectionLevel="signature" />
27-->[androidx.core:core:1.17.0] AndroidManifest.xml:24:9-44
28
29    <uses-permission android:name="com.streamflix.tv.DYNAMIC_RECEIVER_NOT_EXPORTED_PERMISSION" />
29-->[androidx.core:core:1.17.0] AndroidManifest.xml:26:5-97
29-->[androidx.core:core:1.17.0] AndroidManifest.xml:26:22-94
30
31    <application
31-->src\main\AndroidManifest.xml:17:5-76:19
32        android:allowBackup="true"
32-->src\main\AndroidManifest.xml:18:9-35
33        android:appComponentFactory="androidx.core.app.CoreComponentFactory"
33-->[androidx.core:core:1.17.0] AndroidManifest.xml:28:18-86
34        android:banner="@drawable/app_banner"
34-->src\main\AndroidManifest.xml:19:9-46
35        android:debuggable="true"
36        android:extractNativeLibs="false"
37        android:icon="@mipmap/ic_launcher"
37-->src\main\AndroidManifest.xml:20:9-43
38        android:label="@string/app_name"
38-->src\main\AndroidManifest.xml:21:9-41
39        android:supportsRtl="true"
39-->src\main\AndroidManifest.xml:22:9-35
40        android:theme="@style/Theme.StreamFlixTV"
40-->src\main\AndroidManifest.xml:23:9-50
41        android:usesCleartextTraffic="true" >
41-->src\main\AndroidManifest.xml:24:9-44
42
43        <!-- Splash Screen -->
44        <activity
44-->src\main\AndroidManifest.xml:27:9-37:20
45            android:name="com.streamflix.tv.SplashActivity"
45-->src\main\AndroidManifest.xml:28:13-43
46            android:exported="true"
46-->src\main\AndroidManifest.xml:29:13-36
47            android:screenOrientation="landscape"
47-->src\main\AndroidManifest.xml:30:13-50
48            android:theme="@style/Theme.StreamFlixTV" >
48-->src\main\AndroidManifest.xml:31:13-54
49            <intent-filter>
49-->src\main\AndroidManifest.xml:32:13-36:29
50                <action android:name="android.intent.action.MAIN" />
50-->src\main\AndroidManifest.xml:33:17-69
50-->src\main\AndroidManifest.xml:33:25-66
51
52                <category android:name="android.intent.category.LAUNCHER" />
52-->src\main\AndroidManifest.xml:34:17-77
52-->src\main\AndroidManifest.xml:34:27-74
53                <category android:name="android.intent.category.LEANBACK_LAUNCHER" />
53-->src\main\AndroidManifest.xml:35:17-86
53-->src\main\AndroidManifest.xml:35:27-83
54            </intent-filter>
55        </activity>
56
57        <!-- Main Browse Activity -->
58        <activity
58-->src\main\AndroidManifest.xml:40:9-43:53
59            android:name="com.streamflix.tv.MainActivity"
59-->src\main\AndroidManifest.xml:41:13-41
60            android:exported="false"
60-->src\main\AndroidManifest.xml:42:13-37
61            android:screenOrientation="landscape" />
61-->src\main\AndroidManifest.xml:43:13-50
62
63        <!-- Details Activity -->
64        <activity
64-->src\main\AndroidManifest.xml:46:9-50:65
65            android:name="com.streamflix.tv.ui.details.DetailsActivity"
65-->src\main\AndroidManifest.xml:47:13-55
66            android:exported="false"
66-->src\main\AndroidManifest.xml:48:13-37
67            android:screenOrientation="landscape"
67-->src\main\AndroidManifest.xml:49:13-50
68            android:theme="@style/Theme.StreamFlixTV.Details" />
68-->src\main\AndroidManifest.xml:50:13-62
69
70        <!-- Playback Activity -->
71        <activity
71-->src\main\AndroidManifest.xml:53:9-57:66
72            android:name="com.streamflix.tv.ui.playback.PlaybackActivity"
72-->src\main\AndroidManifest.xml:54:13-57
73            android:exported="false"
73-->src\main\AndroidManifest.xml:55:13-37
74            android:screenOrientation="landscape"
74-->src\main\AndroidManifest.xml:56:13-50
75            android:theme="@style/Theme.StreamFlixTV.Playback" />
75-->src\main\AndroidManifest.xml:57:13-63
76        <activity
76-->src\main\AndroidManifest.xml:59:9-67:20
77            android:name="com.streamflix.tv.ui.search.SearchActivity"
77-->src\main\AndroidManifest.xml:60:13-53
78            android:exported="true"
78-->src\main\AndroidManifest.xml:61:13-36
79            android:screenOrientation="landscape"
79-->src\main\AndroidManifest.xml:62:13-50
80            android:theme="@style/Theme.StreamFlixTV.Search" >
80-->src\main\AndroidManifest.xml:63:13-61
81            <intent-filter>
81-->src\main\AndroidManifest.xml:64:13-66:29
82                <action android:name="android.intent.action.SEARCH" />
82-->src\main\AndroidManifest.xml:65:17-71
82-->src\main\AndroidManifest.xml:65:25-68
83            </intent-filter>
84        </activity>
85
86        <!-- Episodes Activity -->
87        <activity
87-->src\main\AndroidManifest.xml:70:9-74:57
88            android:name="com.streamflix.tv.ui.episodes.EpisodesActivity"
88-->src\main\AndroidManifest.xml:71:13-57
89            android:exported="false"
89-->src\main\AndroidManifest.xml:72:13-37
90            android:screenOrientation="landscape"
90-->src\main\AndroidManifest.xml:73:13-50
91            android:theme="@style/Theme.StreamFlixTV" />
91-->src\main\AndroidManifest.xml:74:13-54
92
93        <provider
93-->[androidx.emoji2:emoji2:1.3.0] AndroidManifest.xml:24:9-32:20
94            android:name="androidx.startup.InitializationProvider"
94-->[androidx.emoji2:emoji2:1.3.0] AndroidManifest.xml:25:13-67
95            android:authorities="com.streamflix.tv.androidx-startup"
95-->[androidx.emoji2:emoji2:1.3.0] AndroidManifest.xml:26:13-68
96            android:exported="false" >
96-->[androidx.emoji2:emoji2:1.3.0] AndroidManifest.xml:27:13-37
97            <meta-data
97-->[androidx.emoji2:emoji2:1.3.0] AndroidManifest.xml:29:13-31:52
98                android:name="androidx.emoji2.text.EmojiCompatInitializer"
98-->[androidx.emoji2:emoji2:1.3.0] AndroidManifest.xml:30:17-75
99                android:value="androidx.startup" />
99-->[androidx.emoji2:emoji2:1.3.0] AndroidManifest.xml:31:17-49
100            <meta-data
100-->[androidx.lifecycle:lifecycle-process:2.10.0] AndroidManifest.xml:29:13-31:52
101                android:name="androidx.lifecycle.ProcessLifecycleInitializer"
101-->[androidx.lifecycle:lifecycle-process:2.10.0] AndroidManifest.xml:30:17-78
102                android:value="androidx.startup" />
102-->[androidx.lifecycle:lifecycle-process:2.10.0] AndroidManifest.xml:31:17-49
103            <meta-data
103-->[com.squareup.okhttp3:okhttp-android:5.3.2] AndroidManifest.xml:16:13-18:52
104                android:name="okhttp3.internal.platform.PlatformInitializer"
104-->[com.squareup.okhttp3:okhttp-android:5.3.2] AndroidManifest.xml:17:17-77
105                android:value="androidx.startup" />
105-->[com.squareup.okhttp3:okhttp-android:5.3.2] AndroidManifest.xml:18:17-49
106            <meta-data
106-->[androidx.profileinstaller:profileinstaller:1.4.0] AndroidManifest.xml:29:13-31:52
107                android:name="androidx.profileinstaller.ProfileInstallerInitializer"
107-->[androidx.profileinstaller:profileinstaller:1.4.0] AndroidManifest.xml:30:17-85
108                android:value="androidx.startup" />
108-->[androidx.profileinstaller:profileinstaller:1.4.0] AndroidManifest.xml:31:17-49
109        </provider>
110
111        <receiver
111-->[androidx.profileinstaller:profileinstaller:1.4.0] AndroidManifest.xml:34:9-52:20
112            android:name="androidx.profileinstaller.ProfileInstallReceiver"
112-->[androidx.profileinstaller:profileinstaller:1.4.0] AndroidManifest.xml:35:13-76
113            android:directBootAware="false"
113-->[androidx.profileinstaller:profileinstaller:1.4.0] AndroidManifest.xml:36:13-44
114            android:enabled="true"
114-->[androidx.profileinstaller:profileinstaller:1.4.0] AndroidManifest.xml:37:13-35
115            android:exported="true"
115-->[androidx.profileinstaller:profileinstaller:1.4.0] AndroidManifest.xml:38:13-36
116            android:permission="android.permission.DUMP" >
116-->[androidx.profileinstaller:profileinstaller:1.4.0] AndroidManifest.xml:39:13-57
117            <intent-filter>
117-->[androidx.profileinstaller:profileinstaller:1.4.0] AndroidManifest.xml:40:13-42:29
118                <action android:name="androidx.profileinstaller.action.INSTALL_PROFILE" />
118-->[androidx.profileinstaller:profileinstaller:1.4.0] AndroidManifest.xml:41:17-91
118-->[androidx.profileinstaller:profileinstaller:1.4.0] AndroidManifest.xml:41:25-88
119            </intent-filter>
120            <intent-filter>
120-->[androidx.profileinstaller:profileinstaller:1.4.0] AndroidManifest.xml:43:13-45:29
121                <action android:name="androidx.profileinstaller.action.SKIP_FILE" />
121-->[androidx.profileinstaller:profileinstaller:1.4.0] AndroidManifest.xml:44:17-85
121-->[androidx.profileinstaller:profileinstaller:1.4.0] AndroidManifest.xml:44:25-82
122            </intent-filter>
123            <intent-filter>
123-->[androidx.profileinstaller:profileinstaller:1.4.0] AndroidManifest.xml:46:13-48:29
124                <action android:name="androidx.profileinstaller.action.SAVE_PROFILE" />
124-->[androidx.profileinstaller:profileinstaller:1.4.0] AndroidManifest.xml:47:17-88
124-->[androidx.profileinstaller:profileinstaller:1.4.0] AndroidManifest.xml:47:25-85
125            </intent-filter>
126            <intent-filter>
126-->[androidx.profileinstaller:profileinstaller:1.4.0] AndroidManifest.xml:49:13-51:29
127                <action android:name="androidx.profileinstaller.action.BENCHMARK_OPERATION" />
127-->[androidx.profileinstaller:profileinstaller:1.4.0] AndroidManifest.xml:50:17-95
127-->[androidx.profileinstaller:profileinstaller:1.4.0] AndroidManifest.xml:50:25-92
128            </intent-filter>
129        </receiver>
130    </application>
131
132</manifest>